<?xml version="1.0" encoding="UTF-8"?>
<testsuite name="br.com.fiap.on_data_consumer.OnDataConsumerApplicationTests" tests="1" skipped="0" failures="0" errors="0" timestamp="2025-05-21T01:08:17.630Z" hostname="DESKTOP-868K8CI" time="0.995">
  <properties/>
  <testcase name="contextLoads()" classname="br.com.fiap.on_data_consumer.OnDataConsumerApplicationTests" time="0.995"/>
  <system-out><![CDATA[22:08:12.388 [Test worker] INFO org.springframework.test.context.support.AnnotationConfigContextLoaderUtils -- Could not detect default configuration classes for test class [br.com.fiap.on_data_consumer.OnDataConsumerApplicationTests]: OnDataConsumerApplicationTests does not declare any static, non-private, non-final, nested classes annotated with @Configuration.
22:08:12.544 [Test worker] INFO org.springframework.boot.test.context.SpringBootTestContextBootstrapper -- Found @SpringBootConfiguration br.com.fiap.on_data_consumer.OnDataConsumerApplication for test class br.com.fiap.on_data_consumer.OnDataConsumerApplicationTests

  .   ____          _            __ _ _
 /\\ / ___'_ __ _ _(_)_ __  __ _ \ \ \ \
( ( )\___ | '_ | '_| | '_ \/ _` | \ \ \ \
 \\/  ___)| |_)| | | | | || (_| |  ) ) ) )
  '  |____| .__|_| |_|_| |_\__, | / / / /
 =========|_|==============|___/=/_/_/_/

 :: Spring Boot ::                (v3.4.5)

2025-05-20T22:08:13.162-03:00  INFO 26636 --- [on-data-consumer] [    Test worker] b.c.f.o.OnDataConsumerApplicationTests   : Starting OnDataConsumerApplicationTests using Java 21.0.5 with PID 26636 (started by eduardofuncao in C:\ads\javaAdvanced\sem2\on-data-thymeleaf-consumer)
2025-05-20T22:08:13.164-03:00  INFO 26636 --- [on-data-consumer] [    Test worker] b.c.f.o.OnDataConsumerApplicationTests   : No active profile set, falling back to 1 default profile: "default"
2025-05-20T22:08:15.637-03:00  INFO 26636 --- [on-data-consumer] [    Test worker] b.c.f.o.service.TelegramBotService       : Telegram bot initialized successfully for on_data_bot
2025-05-20T22:08:16.197-03:00  INFO 26636 --- [on-data-consumer] [    Test worker] b.c.f.o.service.TelegramBotService       : Message sent to Telegram successfully
2025-05-20T22:08:17.461-03:00  INFO 26636 --- [on-data-consumer] [    Test worker] o.s.a.r.c.CachingConnectionFactory       : Attempting to connect to: [localhost:5672]
2025-05-20T22:08:17.527-03:00  INFO 26636 --- [on-data-consumer] [    Test worker] o.s.a.r.c.CachingConnectionFactory       : Created new connection: rabbitConnectionFactory#2f07930a:0/SimpleConnection@58583a2d [delegate=amqp://guest@127.0.0.1:5672/, localPort=59975]
2025-05-20T22:08:17.610-03:00  INFO 26636 --- [on-data-consumer] [    Test worker] b.c.f.o.OnDataConsumerApplicationTests   : Started OnDataConsumerApplicationTests in 4.798 seconds (process running for 6.487)
]]></system-out>
  <system-err><![CDATA[Mockito is currently self-attaching to enable the inline-mock-maker. This will no longer work in future releases of the JDK. Please add Mockito as an agent to your build what is described in Mockito's documentation: https://javadoc.io/doc/org.mockito/mockito-core/latest/org/mockito/Mockito.html#0.3
WARNING: A Java agent has been loaded dynamically (C:\Users\eduardofuncao\.gradle\caches\modules-2\files-2.1\net.bytebuddy\byte-buddy-agent\1.15.11\a38b16385e867f59a641330f0362ebe742788ed8\byte-buddy-agent-1.15.11.jar)
WARNING: If a serviceability tool is in use, please run with -XX:+EnableDynamicAgentLoading to hide this warning
WARNING: If a serviceability tool is not in use, please run with -Djdk.instrument.traceUsage for more information
WARNING: Dynamic loading of agents will be disallowed by default in a future release
]]></system-err>
</testsuite>
